This file contains any messages produced by compilers while
running configure, to aid debugging if configure makes a mistake.

It was created by configure, which was
generated by GNU Autoconf 2.69.  Invocation command line was

  $ ./configure --host=mipsel-linux --build=

## --------- ##
## Platform. ##
## --------- ##

hostname = duong-OptiPlex-790
uname -m = x86_64
uname -r = 5.10.0-8-amd64
uname -s = Linux
uname -v = #1 SMP Debian 5.10.46-4 (2021-08-03)

/usr/bin/uname -p = unknown
/bin/uname -X     = unknown

/bin/arch              = x86_64
/usr/bin/arch -k       = unknown
/usr/convex/getsysinfo = unknown
/usr/bin/hostinfo      = unknown
/bin/machine           = unknown
/usr/bin/oslevel       = unknown
/bin/universe          = unknown

PATH: /home/duong/AsusWRT-MT7621/release/tools
PATH: /home/duong/AsusWRT-MT7621/release/src-ra-5010/ctools
PATH: /home/duong/AsusWRT-MT7621/release/tools
PATH: /home/duong/AsusWRT-MT7621/release/src-ra-5010/ctools
PATH: /home/duong/AsusWRT-MT7621/release/tools
PATH: /home/duong/AsusWRT-MT7621/release/src-ra-5010/ctools
PATH: /home/duong/AsusWRT-MT7621/tools/brcm/K26/hndtools-mipsel-uclibc-4.2.4/bin
PATH: /usr/local/bin
PATH: /usr/bin
PATH: /bin
PATH: /usr/local/games
PATH: /usr/games


## ----------- ##
## Core tests. ##
## ----------- ##

configure:2079: checking for a BSD-compatible install
configure:2147: result: /usr/bin/install -c
configure:2158: checking whether build environment is sane
configure:2213: result: yes
configure:2267: checking for mipsel-linux-strip
configure:2294: result: mipsel-uclibc-strip -R .note -R .comment
configure:2359: checking for a thread-safe mkdir -p
configure:2398: result: /usr/bin/mkdir -p
configure:2405: checking for gawk
configure:2421: found /usr/bin/gawk
configure:2432: result: gawk
configure:2443: checking whether make sets $(MAKE)
configure:2465: result: yes
configure:2494: checking whether make supports nested variables
configure:2511: result: yes
configure:2646: checking for mipsel-linux-gcc
configure:2673: result: mipsel-uclibc-gcc
configure:2942: checking for C compiler version
configure:2951: mipsel-uclibc-gcc --version >&5
mipsel-uclibc-gcc (GCC) 4.2.4
Copyright (C) 2007 Free Software Foundation, Inc.
This is free software; see the source for copying conditions.  There is NO
warranty; not even for MERCHANTABILITY or FITNESS FOR A PARTICULAR PURPOSE.

configure:2962: $? = 0
configure:2951: mipsel-uclibc-gcc -v >&5
Using built-in specs.
Target: mipsel-linux-uclibc
Configured with: /home/fedork/tomato/toolchain/build_dir/toolchain-mipsel_gcc4.2.4/gcc-4.2.4/configure --prefix=/opt/brcm/hndtools-mipsel-uclibc-4.2.4 --build=i486-linux-gnu --host=i486-linux-gnu --target=mipsel-linux-uclibc --with-gnu-ld --enable-target-optspace --disable-libgomp --disable-libmudflap --disable-multilib --disable-nls --disable-__cxa_atexit --enable-libssp --enable-languages=c,c++ --enable-shared --enable-threads --disable-tls
Thread model: posix
gcc version 4.2.4
configure:2962: $? = 0
configure:2951: mipsel-uclibc-gcc -V >&5
mipsel-uclibc-gcc: '-V' option must have argument
configure:2962: $? = 1
configure:2951: mipsel-uclibc-gcc -qversion >&5
mipsel-uclibc-gcc: unrecognized option '-qversion'
mipsel-uclibc-gcc: no input files
configure:2962: $? = 1
configure:2982: checking whether the C compiler works
configure:3004: mipsel-uclibc-gcc -Os -Wall -DLINUX26 -DDEBUG_NOISY -DDEBUG_RCTEST -pipe -funit-at-a-time -Wno-pointer-sign -mtune=mips32 -mips32 -DLINUX30 -DLINUX_KERNEL_VERSION=199182  -ffunction-sections -fdata-sections  -ffunction-sections -fdata-sections -Wl,--gc-sections -fPIC conftest.c  >&5
configure:3008: $? = 0
configure:3056: result: yes
configure:3059: checking for C compiler default output file name
configure:3061: result: a.out
configure:3067: checking for suffix of executables
configure:3074: mipsel-uclibc-gcc -o conftest -Os -Wall -DLINUX26 -DDEBUG_NOISY -DDEBUG_RCTEST -pipe -funit-at-a-time -Wno-pointer-sign -mtune=mips32 -mips32 -DLINUX30 -DLINUX_KERNEL_VERSION=199182  -ffunction-sections -fdata-sections  -ffunction-sections -fdata-sections -Wl,--gc-sections -fPIC conftest.c  >&5
configure:3078: $? = 0
configure:3100: result: 
configure:3122: checking whether we are cross compiling
configure:3130: mipsel-uclibc-gcc -o conftest -Os -Wall -DLINUX26 -DDEBUG_NOISY -DDEBUG_RCTEST -pipe -funit-at-a-time -Wno-pointer-sign -mtune=mips32 -mips32 -DLINUX30 -DLINUX_KERNEL_VERSION=199182  -ffunction-sections -fdata-sections  -ffunction-sections -fdata-sections -Wl,--gc-sections -fPIC conftest.c  >&5
configure:3134: $? = 0
configure:3141: ./conftest
./configure: line 3143: ./conftest: cannot execute binary file: Exec format error
configure:3145: $? = 126
configure:3160: result: yes
configure:3165: checking for suffix of object files
configure:3187: mipsel-uclibc-gcc -c -Os -Wall -DLINUX26 -DDEBUG_NOISY -DDEBUG_RCTEST -pipe -funit-at-a-time -Wno-pointer-sign -mtune=mips32 -mips32 -DLINUX30 -DLINUX_KERNEL_VERSION=199182  -ffunction-sections -fdata-sections  conftest.c >&5
configure:3191: $? = 0
configure:3212: result: o
configure:3216: checking whether we are using the GNU C compiler
configure:3235: mipsel-uclibc-gcc -c -Os -Wall -DLINUX26 -DDEBUG_NOISY -DDEBUG_RCTEST -pipe -funit-at-a-time -Wno-pointer-sign -mtune=mips32 -mips32 -DLINUX30 -DLINUX_KERNEL_VERSION=199182  -ffunction-sections -fdata-sections  conftest.c >&5
configure:3235: $? = 0
configure:3244: result: yes
configure:3253: checking whether mipsel-uclibc-gcc accepts -g
configure:3273: mipsel-uclibc-gcc -c -g  conftest.c >&5
configure:3273: $? = 0
configure:3314: result: yes
configure:3331: checking for mipsel-uclibc-gcc option to accept ISO C89
configure:3394: mipsel-uclibc-gcc  -c -Os -Wall -DLINUX26 -DDEBUG_NOISY -DDEBUG_RCTEST -pipe -funit-at-a-time -Wno-pointer-sign -mtune=mips32 -mips32 -DLINUX30 -DLINUX_KERNEL_VERSION=199182  -ffunction-sections -fdata-sections  conftest.c >&5
configure:3394: $? = 0
configure:3407: result: none needed
configure:3432: checking whether mipsel-uclibc-gcc understands -c and -o together
configure:3454: mipsel-uclibc-gcc -c conftest.c -o conftest2.o
configure:3457: $? = 0
configure:3454: mipsel-uclibc-gcc -c conftest.c -o conftest2.o
configure:3457: $? = 0
configure:3469: result: yes
configure:3489: checking whether make supports the include directive
configure:3504: make -f confmf.GNU && cat confinc.out
make[4]: Entering directory '/home/duong/AsusWRT-MT7621/release/src/router/netstat-nat'
make[4]: Leaving directory '/home/duong/AsusWRT-MT7621/release/src/router/netstat-nat'
this is the am__doit target
configure:3507: $? = 0
configure:3526: result: yes (GNU style)
configure:3551: checking dependency style of mipsel-uclibc-gcc
configure:3662: result: gcc3
configure:3691: checking how to run the C preprocessor
configure:3722: mipsel-uclibc-gcc -E  conftest.c
configure:3722: $? = 0
configure:3736: mipsel-uclibc-gcc -E  conftest.c
conftest.c:11:28: error: ac_nonexistent.h: No such file or directory
configure:3736: $? = 1
configure: failed program was:
| /* confdefs.h */
| #define PACKAGE_NAME ""
| #define PACKAGE_TARNAME ""
| #define PACKAGE_VERSION ""
| #define PACKAGE_STRING ""
| #define PACKAGE_BUGREPORT ""
| #define PACKAGE_URL ""
| #define PACKAGE "netstat-nat"
| #define VERSION "1.4.10"
| /* end confdefs.h.  */
| #include <ac_nonexistent.h>
configure:3761: result: mipsel-uclibc-gcc -E
configure:3781: mipsel-uclibc-gcc -E  conftest.c
configure:3781: $? = 0
configure:3795: mipsel-uclibc-gcc -E  conftest.c
conftest.c:11:28: error: ac_nonexistent.h: No such file or directory
configure:3795: $? = 1
configure: failed program was:
| /* confdefs.h */
| #define PACKAGE_NAME ""
| #define PACKAGE_TARNAME ""
| #define PACKAGE_VERSION ""
| #define PACKAGE_STRING ""
| #define PACKAGE_BUGREPORT ""
| #define PACKAGE_URL ""
| #define PACKAGE "netstat-nat"
| #define VERSION "1.4.10"
| /* end confdefs.h.  */
| #include <ac_nonexistent.h>
configure:3824: checking for grep that handles long lines and -e
configure:3882: result: /usr/bin/grep
configure:3887: checking for egrep
configure:3949: result: /usr/bin/grep -E
configure:3954: checking for ANSI C header files
configure:3974: mipsel-uclibc-gcc -c -Os -Wall -DLINUX26 -DDEBUG_NOISY -DDEBUG_RCTEST -pipe -funit-at-a-time -Wno-pointer-sign -mtune=mips32 -mips32 -DLINUX30 -DLINUX_KERNEL_VERSION=199182  -ffunction-sections -fdata-sections  conftest.c >&5
configure:3974: $? = 0
configure:4058: result: yes
configure:4071: checking for sys/types.h
configure:4071: mipsel-uclibc-gcc -c -Os -Wall -DLINUX26 -DDEBUG_NOISY -DDEBUG_RCTEST -pipe -funit-at-a-time -Wno-pointer-sign -mtune=mips32 -mips32 -DLINUX30 -DLINUX_KERNEL_VERSION=199182  -ffunction-sections -fdata-sections  conftest.c >&5
configure:4071: $? = 0
configure:4071: result: yes
configure:4071: checking for sys/stat.h
configure:4071: mipsel-uclibc-gcc -c -Os -Wall -DLINUX26 -DDEBUG_NOISY -DDEBUG_RCTEST -pipe -funit-at-a-time -Wno-pointer-sign -mtune=mips32 -mips32 -DLINUX30 -DLINUX_KERNEL_VERSION=199182  -ffunction-sections -fdata-sections  conftest.c >&5
configure:4071: $? = 0
configure:4071: result: yes
configure:4071: checking for stdlib.h
configure:4071: mipsel-uclibc-gcc -c -Os -Wall -DLINUX26 -DDEBUG_NOISY -DDEBUG_RCTEST -pipe -funit-at-a-time -Wno-pointer-sign -mtune=mips32 -mips32 -DLINUX30 -DLINUX_KERNEL_VERSION=199182  -ffunction-sections -fdata-sections  conftest.c >&5
configure:4071: $? = 0
configure:4071: result: yes
configure:4071: checking for string.h
configure:4071: mipsel-uclibc-gcc -c -Os -Wall -DLINUX26 -DDEBUG_NOISY -DDEBUG_RCTEST -pipe -funit-at-a-time -Wno-pointer-sign -mtune=mips32 -mips32 -DLINUX30 -DLINUX_KERNEL_VERSION=199182  -ffunction-sections -fdata-sections  conftest.c >&5
configure:4071: $? = 0
configure:4071: result: yes
configure:4071: checking for memory.h
configure:4071: mipsel-uclibc-gcc -c -Os -Wall -DLINUX26 -DDEBUG_NOISY -DDEBUG_RCTEST -pipe -funit-at-a-time -Wno-pointer-sign -mtune=mips32 -mips32 -DLINUX30 -DLINUX_KERNEL_VERSION=199182  -ffunction-sections -fdata-sections  conftest.c >&5
configure:4071: $? = 0
configure:4071: result: yes
configure:4071: checking for strings.h
configure:4071: mipsel-uclibc-gcc -c -Os -Wall -DLINUX26 -DDEBUG_NOISY -DDEBUG_RCTEST -pipe -funit-at-a-time -Wno-pointer-sign -mtune=mips32 -mips32 -DLINUX30 -DLINUX_KERNEL_VERSION=199182  -ffunction-sections -fdata-sections  conftest.c >&5
configure:4071: $? = 0
configure:4071: result: yes
configure:4071: checking for inttypes.h
configure:4071: mipsel-uclibc-gcc -c -Os -Wall -DLINUX26 -DDEBUG_NOISY -DDEBUG_RCTEST -pipe -funit-at-a-time -Wno-pointer-sign -mtune=mips32 -mips32 -DLINUX30 -DLINUX_KERNEL_VERSION=199182  -ffunction-sections -fdata-sections  conftest.c >&5
configure:4071: $? = 0
configure:4071: result: yes
configure:4071: checking for stdint.h
configure:4071: mipsel-uclibc-gcc -c -Os -Wall -DLINUX26 -DDEBUG_NOISY -DDEBUG_RCTEST -pipe -funit-at-a-time -Wno-pointer-sign -mtune=mips32 -mips32 -DLINUX30 -DLINUX_KERNEL_VERSION=199182  -ffunction-sections -fdata-sections  conftest.c >&5
configure:4071: $? = 0
configure:4071: result: yes
configure:4071: checking for unistd.h
configure:4071: mipsel-uclibc-gcc -c -Os -Wall -DLINUX26 -DDEBUG_NOISY -DDEBUG_RCTEST -pipe -funit-at-a-time -Wno-pointer-sign -mtune=mips32 -mips32 -DLINUX30 -DLINUX_KERNEL_VERSION=199182  -ffunction-sections -fdata-sections  conftest.c >&5
configure:4071: $? = 0
configure:4071: result: yes
configure:4086: checking stdio.h usability
configure:4086: mipsel-uclibc-gcc -c -Os -Wall -DLINUX26 -DDEBUG_NOISY -DDEBUG_RCTEST -pipe -funit-at-a-time -Wno-pointer-sign -mtune=mips32 -mips32 -DLINUX30 -DLINUX_KERNEL_VERSION=199182  -ffunction-sections -fdata-sections  conftest.c >&5
configure:4086: $? = 0
configure:4086: result: yes
configure:4086: checking stdio.h presence
configure:4086: mipsel-uclibc-gcc -E  conftest.c
configure:4086: $? = 0
configure:4086: result: yes
configure:4086: checking for stdio.h
configure:4086: result: yes
configure:4086: checking for stdlib.h
configure:4086: result: yes
configure:4086: checking for string.h
configure:4086: result: yes
configure:4086: checking netdb.h usability
configure:4086: mipsel-uclibc-gcc -c -Os -Wall -DLINUX26 -DDEBUG_NOISY -DDEBUG_RCTEST -pipe -funit-at-a-time -Wno-pointer-sign -mtune=mips32 -mips32 -DLINUX30 -DLINUX_KERNEL_VERSION=199182  -ffunction-sections -fdata-sections  conftest.c >&5
configure:4086: $? = 0
configure:4086: result: yes
configure:4086: checking netdb.h presence
configure:4086: mipsel-uclibc-gcc -E  conftest.c
configure:4086: $? = 0
configure:4086: result: yes
configure:4086: checking for netdb.h
configure:4086: result: yes
configure:4086: checking for unistd.h
configure:4086: result: yes
configure:4086: checking arpa/inet.h usability
configure:4086: mipsel-uclibc-gcc -c -Os -Wall -DLINUX26 -DDEBUG_NOISY -DDEBUG_RCTEST -pipe -funit-at-a-time -Wno-pointer-sign -mtune=mips32 -mips32 -DLINUX30 -DLINUX_KERNEL_VERSION=199182  -ffunction-sections -fdata-sections  conftest.c >&5
configure:4086: $? = 0
configure:4086: result: yes
configure:4086: checking arpa/inet.h presence
configure:4086: mipsel-uclibc-gcc -E  conftest.c
configure:4086: $? = 0
configure:4086: result: yes
configure:4086: checking for arpa/inet.h
configure:4086: result: yes
configure:4086: checking errno.h usability
configure:4086: mipsel-uclibc-gcc -c -Os -Wall -DLINUX26 -DDEBUG_NOISY -DDEBUG_RCTEST -pipe -funit-at-a-time -Wno-pointer-sign -mtune=mips32 -mips32 -DLINUX30 -DLINUX_KERNEL_VERSION=199182  -ffunction-sections -fdata-sections  conftest.c >&5
configure:4086: $? = 0
configure:4086: result: yes
configure:4086: checking errno.h presence
configure:4086: mipsel-uclibc-gcc -E  conftest.c
configure:4086: $? = 0
configure:4086: result: yes
configure:4086: checking for errno.h
configure:4086: result: yes
configure:4086: checking for strings.h
configure:4086: result: yes
configure:4086: checking net/if.h usability
configure:4086: mipsel-uclibc-gcc -c -Os -Wall -DLINUX26 -DDEBUG_NOISY -DDEBUG_RCTEST -pipe -funit-at-a-time -Wno-pointer-sign -mtune=mips32 -mips32 -DLINUX30 -DLINUX_KERNEL_VERSION=199182  -ffunction-sections -fdata-sections  conftest.c >&5
configure:4086: $? = 0
configure:4086: result: yes
configure:4086: checking net/if.h presence
configure:4086: mipsel-uclibc-gcc -E  conftest.c
configure:4086: $? = 0
configure:4086: result: yes
configure:4086: checking for net/if.h
configure:4086: result: yes
configure:4086: checking sys/ioctl.h usability
configure:4086: mipsel-uclibc-gcc -c -Os -Wall -DLINUX26 -DDEBUG_NOISY -DDEBUG_RCTEST -pipe -funit-at-a-time -Wno-pointer-sign -mtune=mips32 -mips32 -DLINUX30 -DLINUX_KERNEL_VERSION=199182  -ffunction-sections -fdata-sections  conftest.c >&5
configure:4086: $? = 0
configure:4086: result: yes
configure:4086: checking sys/ioctl.h presence
configure:4086: mipsel-uclibc-gcc -E  conftest.c
configure:4086: $? = 0
configure:4086: result: yes
configure:4086: checking for sys/ioctl.h
configure:4086: result: yes
configure:4236: checking that generated files are newer than configure
configure:4242: result: done
configure:4265: creating ./config.status

## ---------------------- ##
## Running config.status. ##
## ---------------------- ##

This file was extended by config.status, which was
generated by GNU Autoconf 2.69.  Invocation command line was

  CONFIG_FILES    = 
  CONFIG_HEADERS  = 
  CONFIG_LINKS    = 
  CONFIG_COMMANDS = 
  $ ./config.status 

on duong-OptiPlex-790

config.status:779: creating Makefile
config.status:951: executing depfiles commands
config.status:1028: cd .       && sed -e '/# am--include-marker/d' Makefile         | make -f - am--depfiles
make[4]: Entering directory '/home/duong/AsusWRT-MT7621/release/src/router/netstat-nat'
make[4]: Nothing to be done for 'am--depfiles'.
make[4]: Leaving directory '/home/duong/AsusWRT-MT7621/release/src/router/netstat-nat'
config.status:1033: $? = 0

## ---------------- ##
## Cache variables. ##
## ---------------- ##

ac_cv_c_compiler_gnu=yes
ac_cv_env_CC_set=set
ac_cv_env_CC_value=mipsel-uclibc-gcc
ac_cv_env_CFLAGS_set=set
ac_cv_env_CFLAGS_value='-Os -Wall -DLINUX26 -DDEBUG_NOISY -DDEBUG_RCTEST -pipe -funit-at-a-time -Wno-pointer-sign -mtune=mips32 -mips32 -DLINUX30 -DLINUX_KERNEL_VERSION=199182  -ffunction-sections -fdata-sections'
ac_cv_env_CPPFLAGS_set=
ac_cv_env_CPPFLAGS_value=
ac_cv_env_CPP_set=
ac_cv_env_CPP_value=
ac_cv_env_LDFLAGS_set=set
ac_cv_env_LDFLAGS_value='-ffunction-sections -fdata-sections -Wl,--gc-sections -fPIC'
ac_cv_env_LIBS_set=
ac_cv_env_LIBS_value=
ac_cv_env_build_alias_set=set
ac_cv_env_build_alias_value=
ac_cv_env_host_alias_set=set
ac_cv_env_host_alias_value=mipsel-linux
ac_cv_env_target_alias_set=
ac_cv_env_target_alias_value=
ac_cv_header_arpa_inet_h=yes
ac_cv_header_errno_h=yes
ac_cv_header_inttypes_h=yes
ac_cv_header_memory_h=yes
ac_cv_header_net_if_h=yes
ac_cv_header_netdb_h=yes
ac_cv_header_stdc=yes
ac_cv_header_stdint_h=yes
ac_cv_header_stdio_h=yes
ac_cv_header_stdlib_h=yes
ac_cv_header_string_h=yes
ac_cv_header_strings_h=yes
ac_cv_header_sys_ioctl_h=yes
ac_cv_header_sys_stat_h=yes
ac_cv_header_sys_types_h=yes
ac_cv_header_unistd_h=yes
ac_cv_objext=o
ac_cv_path_EGREP='/usr/bin/grep -E'
ac_cv_path_GREP=/usr/bin/grep
ac_cv_path_install='/usr/bin/install -c'
ac_cv_path_mkdir=/usr/bin/mkdir
ac_cv_prog_AWK=gawk
ac_cv_prog_CC=mipsel-uclibc-gcc
ac_cv_prog_CPP='mipsel-uclibc-gcc -E'
ac_cv_prog_STRIP='mipsel-uclibc-strip -R .note -R .comment'
ac_cv_prog_cc_c89=
ac_cv_prog_cc_g=yes
ac_cv_prog_make_make_set=yes
am_cv_CC_dependencies_compiler_type=gcc3
am_cv_make_support_nested_variables=yes
am_cv_prog_cc_c_o=yes

## ----------------- ##
## Output variables. ##
## ----------------- ##

ACLOCAL='${SHELL} '\''/home/duong/AsusWRT-MT7621/release/src/router/netstat-nat/missing'\'' aclocal-1.16'
AMDEPBACKSLASH='\'
AMDEP_FALSE='#'
AMDEP_TRUE=''
AMTAR='$${TAR-tar}'
AM_BACKSLASH='\'
AM_DEFAULT_V='$(AM_DEFAULT_VERBOSITY)'
AM_DEFAULT_VERBOSITY='1'
AM_V='$(V)'
AUTOCONF='${SHELL} '\''/home/duong/AsusWRT-MT7621/release/src/router/netstat-nat/missing'\'' autoconf'
AUTOHEADER='${SHELL} '\''/home/duong/AsusWRT-MT7621/release/src/router/netstat-nat/missing'\'' autoheader'
AUTOMAKE='${SHELL} '\''/home/duong/AsusWRT-MT7621/release/src/router/netstat-nat/missing'\'' automake-1.16'
AWK='gawk'
CC='mipsel-uclibc-gcc'
CCDEPMODE='depmode=gcc3'
CFLAGS='-Os -Wall -DLINUX26 -DDEBUG_NOISY -DDEBUG_RCTEST -pipe -funit-at-a-time -Wno-pointer-sign -mtune=mips32 -mips32 -DLINUX30 -DLINUX_KERNEL_VERSION=199182  -ffunction-sections -fdata-sections'
CPP='mipsel-uclibc-gcc -E'
CPPFLAGS=''
CYGPATH_W='echo'
DEFS='-DPACKAGE_NAME=\"\" -DPACKAGE_TARNAME=\"\" -DPACKAGE_VERSION=\"\" -DPACKAGE_STRING=\"\" -DPACKAGE_BUGREPORT=\"\" -DPACKAGE_URL=\"\" -DPACKAGE=\"netstat-nat\" -DVERSION=\"1.4.10\" -DSTDC_HEADERS=1 -DHAVE_SYS_TYPES_H=1 -DHAVE_SYS_STAT_H=1 -DHAVE_STDLIB_H=1 -DHAVE_STRING_H=1 -DHAVE_MEMORY_H=1 -DHAVE_STRINGS_H=1 -DHAVE_INTTYPES_H=1 -DHAVE_STDINT_H=1 -DHAVE_UNISTD_H=1 -DHAVE_STDIO_H=1 -DHAVE_STDLIB_H=1 -DHAVE_STRING_H=1 -DHAVE_NETDB_H=1 -DHAVE_UNISTD_H=1 -DHAVE_ARPA_INET_H=1 -DHAVE_ERRNO_H=1 -DHAVE_STRINGS_H=1 -DHAVE_NET_IF_H=1 -DHAVE_SYS_IOCTL_H=1'
DEPDIR='.deps'
ECHO_C=''
ECHO_N='-n'
ECHO_T=''
EGREP='/usr/bin/grep -E'
EXEEXT=''
GREP='/usr/bin/grep'
INSTALL_DATA='${INSTALL} -m 644'
INSTALL_PROGRAM='${INSTALL}'
INSTALL_SCRIPT='${INSTALL}'
INSTALL_STRIP_PROGRAM='$(install_sh) -c -s'
LDFLAGS='-ffunction-sections -fdata-sections -Wl,--gc-sections -fPIC'
LIBOBJS=''
LIBS=''
LTLIBOBJS=''
MAKEINFO='${SHELL} '\''/home/duong/AsusWRT-MT7621/release/src/router/netstat-nat/missing'\'' makeinfo'
MKDIR_P='/usr/bin/mkdir -p'
OBJEXT='o'
PACKAGE='netstat-nat'
PACKAGE_BUGREPORT=''
PACKAGE_NAME=''
PACKAGE_STRING=''
PACKAGE_TARNAME=''
PACKAGE_URL=''
PACKAGE_VERSION=''
PATH_SEPARATOR=':'
SET_MAKE=''
SHELL='/bin/bash'
STRIP='mipsel-uclibc-strip -R .note -R .comment'
VERSION='1.4.10'
ac_ct_CC=''
am__EXEEXT_FALSE=''
am__EXEEXT_TRUE='#'
am__fastdepCC_FALSE='#'
am__fastdepCC_TRUE=''
am__include='include'
am__isrc=''
am__leading_dot='.'
am__nodep='_no'
am__quote=''
am__tar='$${TAR-tar} chof - "$$tardir"'
am__untar='$${TAR-tar} xf -'
bindir='${exec_prefix}/bin'
build_alias=''
datadir='${datarootdir}'
datarootdir='${prefix}/share'
docdir='${datarootdir}/doc/${PACKAGE}'
dvidir='${docdir}'
exec_prefix='${prefix}'
host_alias='mipsel-linux'
htmldir='${docdir}'
includedir='${prefix}/include'
infodir='${datarootdir}/info'
install_sh='${SHELL} /home/duong/AsusWRT-MT7621/release/src/router/netstat-nat/install-sh'
libdir='${exec_prefix}/lib'
libexecdir='${exec_prefix}/libexec'
localedir='${datarootdir}/locale'
localstatedir='${prefix}/var'
mandir='${datarootdir}/man'
mkdir_p='$(MKDIR_P)'
oldincludedir='/usr/include'
pdfdir='${docdir}'
prefix='/usr'
program_transform_name='s,x,x,'
psdir='${docdir}'
runstatedir='${localstatedir}/run'
sbindir='${exec_prefix}/sbin'
sharedstatedir='${prefix}/com'
sysconfdir='${prefix}/etc'
target_alias=''

## ----------- ##
## confdefs.h. ##
## ----------- ##

/* confdefs.h */
#define PACKAGE_NAME ""
#define PACKAGE_TARNAME ""
#define PACKAGE_VERSION ""
#define PACKAGE_STRING ""
#define PACKAGE_BUGREPORT ""
#define PACKAGE_URL ""
#define PACKAGE "netstat-nat"
#define VERSION "1.4.10"
#define STDC_HEADERS 1
#define HAVE_SYS_TYPES_H 1
#define HAVE_SYS_STAT_H 1
#define HAVE_STDLIB_H 1
#define HAVE_STRING_H 1
#define HAVE_MEMORY_H 1
#define HAVE_STRINGS_H 1
#define HAVE_INTTYPES_H 1
#define HAVE_STDINT_H 1
#define HAVE_UNISTD_H 1
#define HAVE_STDIO_H 1
#define HAVE_STDLIB_H 1
#define HAVE_STRING_H 1
#define HAVE_NETDB_H 1
#define HAVE_UNISTD_H 1
#define HAVE_ARPA_INET_H 1
#define HAVE_ERRNO_H 1
#define HAVE_STRINGS_H 1
#define HAVE_NET_IF_H 1
#define HAVE_SYS_IOCTL_H 1

configure: exit 0
