This file contains any messages produced by compilers while
running configure, to aid debugging if configure makes a mistake.

It was created by ID3 Tag configure 0.15.1b, which was
generated by GNU Autoconf 2.69.  Invocation command line was

  $ ./configure --host=mipsel-linux --build= --enable-shared --enable-static --prefix= --disable-debugging --disable-profiling --disable-dependency-tracking

## --------- ##
## Platform. ##
## --------- ##

hostname = duong-OptiPlex-790
uname -m = x86_64
uname -r = 5.10.0-8-amd64
uname -s = Linux
uname -v = #1 SMP Debian 5.10.46-4 (2021-08-03)

/usr/bin/uname -p = unknown
/bin/uname -X     = unknown

/bin/arch              = x86_64
/usr/bin/arch -k       = unknown
/usr/convex/getsysinfo = unknown
/usr/bin/hostinfo      = unknown
/bin/machine           = unknown
/usr/bin/oslevel       = unknown
/bin/universe          = unknown

PATH: /home/duong/AsusWRT-MT7621/release/tools
PATH: /home/duong/AsusWRT-MT7621/release/src-ra-5010/ctools
PATH: /home/duong/AsusWRT-MT7621/release/tools
PATH: /home/duong/AsusWRT-MT7621/release/src-ra-5010/ctools
PATH: /home/duong/AsusWRT-MT7621/release/tools
PATH: /home/duong/AsusWRT-MT7621/release/src-ra-5010/ctools
PATH: /home/duong/AsusWRT-MT7621/tools/brcm/K26/hndtools-mipsel-uclibc-4.2.4/bin
PATH: /usr/local/bin
PATH: /usr/bin
PATH: /bin
PATH: /usr/local/games
PATH: /usr/games


## ----------- ##
## Core tests. ##
## ----------- ##

configure:2283: checking for a BSD-compatible install
configure:2351: result: /usr/bin/install -c
configure:2362: checking whether build environment is sane
configure:2417: result: yes
configure:2471: checking for mipsel-linux-strip
configure:2498: result: mipsel-uclibc-strip -R .note -R .comment
configure:2563: checking for a thread-safe mkdir -p
configure:2602: result: /usr/bin/mkdir -p
configure:2609: checking for gawk
configure:2625: found /usr/bin/gawk
configure:2636: result: gawk
configure:2647: checking whether make sets $(MAKE)
configure:2669: result: yes
configure:2698: checking whether make supports nested variables
configure:2715: result: yes
configure:2850: checking build system type
configure:2864: result: x86_64-pc-linux-uclibc
configure:2884: checking host system type
configure:2897: result: mipsel-unknown-linux-gnu
configure:2927: checking for mipsel-linux-gcc
configure:2954: result: mipsel-uclibc-gcc
configure:3223: checking for C compiler version
configure:3232: mipsel-uclibc-gcc --version >&5
mipsel-uclibc-gcc (GCC) 4.2.4
Copyright (C) 2007 Free Software Foundation, Inc.
This is free software; see the source for copying conditions.  There is NO
warranty; not even for MERCHANTABILITY or FITNESS FOR A PARTICULAR PURPOSE.

configure:3243: $? = 0
configure:3232: mipsel-uclibc-gcc -v >&5
Using built-in specs.
Target: mipsel-linux-uclibc
Configured with: /home/fedork/tomato/toolchain/build_dir/toolchain-mipsel_gcc4.2.4/gcc-4.2.4/configure --prefix=/opt/brcm/hndtools-mipsel-uclibc-4.2.4 --build=i486-linux-gnu --host=i486-linux-gnu --target=mipsel-linux-uclibc --with-gnu-ld --enable-target-optspace --disable-libgomp --disable-libmudflap --disable-multilib --disable-nls --disable-__cxa_atexit --enable-libssp --enable-languages=c,c++ --enable-shared --enable-threads --disable-tls
Thread model: posix
gcc version 4.2.4
configure:3243: $? = 0
configure:3232: mipsel-uclibc-gcc -V >&5
mipsel-uclibc-gcc: '-V' option must have argument
configure:3243: $? = 1
configure:3232: mipsel-uclibc-gcc -qversion >&5
mipsel-uclibc-gcc: unrecognized option '-qversion'
mipsel-uclibc-gcc: no input files
configure:3243: $? = 1
configure:3263: checking whether the C compiler works
configure:3285: mipsel-uclibc-gcc -Os -Wall -DLINUX26 -DDEBUG_NOISY -DDEBUG_RCTEST -pipe -funit-at-a-time -Wno-pointer-sign -mtune=mips32 -mips32 -DLINUX30 -DLINUX_KERNEL_VERSION=199182  -ffunction-sections -fdata-sections -I/home/duong/AsusWRT-MT7621/release/src-ra-5010/router/zlib -L/home/duong/AsusWRT-MT7621/release/src-ra-5010/router/zlib -fPIC -ffunction-sections -fdata-sections -Wl,--gc-sections conftest.c  >&5
configure:3289: $? = 0
configure:3337: result: yes
configure:3340: checking for C compiler default output file name
configure:3342: result: a.out
configure:3348: checking for suffix of executables
configure:3355: mipsel-uclibc-gcc -o conftest -Os -Wall -DLINUX26 -DDEBUG_NOISY -DDEBUG_RCTEST -pipe -funit-at-a-time -Wno-pointer-sign -mtune=mips32 -mips32 -DLINUX30 -DLINUX_KERNEL_VERSION=199182  -ffunction-sections -fdata-sections -I/home/duong/AsusWRT-MT7621/release/src-ra-5010/router/zlib -L/home/duong/AsusWRT-MT7621/release/src-ra-5010/router/zlib -fPIC -ffunction-sections -fdata-sections -Wl,--gc-sections conftest.c  >&5
configure:3359: $? = 0
configure:3381: result: 
configure:3403: checking whether we are cross compiling
configure:3411: mipsel-uclibc-gcc -o conftest -Os -Wall -DLINUX26 -DDEBUG_NOISY -DDEBUG_RCTEST -pipe -funit-at-a-time -Wno-pointer-sign -mtune=mips32 -mips32 -DLINUX30 -DLINUX_KERNEL_VERSION=199182  -ffunction-sections -fdata-sections -I/home/duong/AsusWRT-MT7621/release/src-ra-5010/router/zlib -L/home/duong/AsusWRT-MT7621/release/src-ra-5010/router/zlib -fPIC -ffunction-sections -fdata-sections -Wl,--gc-sections conftest.c  >&5
configure:3415: $? = 0
configure:3422: ./conftest
./configure: line 3424: ./conftest: cannot execute binary file: Exec format error
configure:3426: $? = 126
configure:3441: result: yes
configure:3446: checking for suffix of object files
configure:3468: mipsel-uclibc-gcc -c -Os -Wall -DLINUX26 -DDEBUG_NOISY -DDEBUG_RCTEST -pipe -funit-at-a-time -Wno-pointer-sign -mtune=mips32 -mips32 -DLINUX30 -DLINUX_KERNEL_VERSION=199182  -ffunction-sections -fdata-sections -I/home/duong/AsusWRT-MT7621/release/src-ra-5010/router/zlib conftest.c >&5
configure:3472: $? = 0
configure:3493: result: o
configure:3497: checking whether we are using the GNU C compiler
configure:3516: mipsel-uclibc-gcc -c -Os -Wall -DLINUX26 -DDEBUG_NOISY -DDEBUG_RCTEST -pipe -funit-at-a-time -Wno-pointer-sign -mtune=mips32 -mips32 -DLINUX30 -DLINUX_KERNEL_VERSION=199182  -ffunction-sections -fdata-sections -I/home/duong/AsusWRT-MT7621/release/src-ra-5010/router/zlib conftest.c >&5
configure:3516: $? = 0
configure:3525: result: yes
configure:3534: checking whether mipsel-uclibc-gcc accepts -g
configure:3554: mipsel-uclibc-gcc -c -g -I/home/duong/AsusWRT-MT7621/release/src-ra-5010/router/zlib conftest.c >&5
configure:3554: $? = 0
configure:3595: result: yes
configure:3612: checking for mipsel-uclibc-gcc option to accept ISO C89
configure:3675: mipsel-uclibc-gcc  -c -Os -Wall -DLINUX26 -DDEBUG_NOISY -DDEBUG_RCTEST -pipe -funit-at-a-time -Wno-pointer-sign -mtune=mips32 -mips32 -DLINUX30 -DLINUX_KERNEL_VERSION=199182  -ffunction-sections -fdata-sections -I/home/duong/AsusWRT-MT7621/release/src-ra-5010/router/zlib conftest.c >&5
configure:3675: $? = 0
configure:3688: result: none needed
configure:3713: checking whether mipsel-uclibc-gcc understands -c and -o together
configure:3735: mipsel-uclibc-gcc -c conftest.c -o conftest2.o
configure:3738: $? = 0
configure:3735: mipsel-uclibc-gcc -c conftest.c -o conftest2.o
configure:3738: $? = 0
configure:3750: result: yes
configure:3770: checking whether make supports the include directive
configure:3785: make -f confmf.GNU && cat confinc.out
make[4]: Entering directory '/home/duong/AsusWRT-MT7621/release/src/router/libid3tag'
make[4]: Leaving directory '/home/duong/AsusWRT-MT7621/release/src/router/libid3tag'
this is the am__doit target
configure:3788: $? = 0
configure:3807: result: yes (GNU style)
configure:3832: checking dependency style of mipsel-uclibc-gcc
configure:3943: result: none
configure:4020: checking how to print strings
configure:4047: result: printf
configure:4068: checking for a sed that does not truncate output
configure:4132: result: /usr/bin/sed
configure:4150: checking for grep that handles long lines and -e
configure:4208: result: /usr/bin/grep
configure:4213: checking for egrep
configure:4275: result: /usr/bin/grep -E
configure:4280: checking for fgrep
configure:4342: result: /usr/bin/grep -F
configure:4377: checking for ld used by mipsel-uclibc-gcc
configure:4444: result: mipsel-uclibc-ld
configure:4451: checking if the linker (mipsel-uclibc-ld) is GNU ld
configure:4466: result: yes
configure:4478: checking for BSD- or MS-compatible name lister (nm)
configure:4532: result: mipsel-uclibc-nm
configure:4662: checking the name lister (mipsel-uclibc-nm) interface
configure:4669: mipsel-uclibc-gcc -c -Os -Wall -DLINUX26 -DDEBUG_NOISY -DDEBUG_RCTEST -pipe -funit-at-a-time -Wno-pointer-sign -mtune=mips32 -mips32 -DLINUX30 -DLINUX_KERNEL_VERSION=199182  -ffunction-sections -fdata-sections -I/home/duong/AsusWRT-MT7621/release/src-ra-5010/router/zlib conftest.c >&5
configure:4672: mipsel-uclibc-nm "conftest.o"
configure:4675: output
00000000 B some_variable
configure:4682: result: BSD nm
configure:4685: checking whether ln -s works
configure:4689: result: yes
configure:4697: checking the maximum length of command line arguments
configure:4828: result: 1572864
configure:4876: checking how to convert x86_64-pc-linux-uclibc file names to mipsel-unknown-linux-gnu format
configure:4916: result: func_convert_file_noop
configure:4923: checking how to convert x86_64-pc-linux-uclibc file names to toolchain format
configure:4943: result: func_convert_file_noop
configure:4950: checking for mipsel-uclibc-ld option to reload object files
configure:4957: result: -r
configure:4991: checking for mipsel-linux-objdump
configure:5018: result: mipsel-uclibc-objdump
configure:5090: checking how to recognize dependent libraries
configure:5290: result: pass_all
configure:5335: checking for mipsel-linux-dlltool
configure:5365: result: no
configure:5375: checking for dlltool
configure:5405: result: no
configure:5435: checking how to associate runtime and link libraries
configure:5462: result: printf %s\n
configure:5479: checking for mipsel-linux-ar
configure:5506: result: mipsel-uclibc-ar
configure:5587: checking for archiver @FILE support
configure:5604: mipsel-uclibc-gcc -c -Os -Wall -DLINUX26 -DDEBUG_NOISY -DDEBUG_RCTEST -pipe -funit-at-a-time -Wno-pointer-sign -mtune=mips32 -mips32 -DLINUX30 -DLINUX_KERNEL_VERSION=199182  -ffunction-sections -fdata-sections -I/home/duong/AsusWRT-MT7621/release/src-ra-5010/router/zlib conftest.c >&5
configure:5604: $? = 0
configure:5607: mipsel-uclibc-ar cr libconftest.a @conftest.lst >&5
configure:5610: $? = 0
configure:5615: mipsel-uclibc-ar cr libconftest.a @conftest.lst >&5
mipsel-uclibc-ar: conftest.o: No such file or directory
configure:5618: $? = 1
configure:5630: result: @
configure:5648: checking for mipsel-linux-strip
configure:5675: result: mipsel-uclibc-strip -R .note -R .comment
configure:5747: checking for mipsel-linux-ranlib
configure:5774: result: mipsel-uclibc-ranlib
configure:5916: checking command to parse mipsel-uclibc-nm output from mipsel-uclibc-gcc object
configure:6069: mipsel-uclibc-gcc -c -Os -Wall -DLINUX26 -DDEBUG_NOISY -DDEBUG_RCTEST -pipe -funit-at-a-time -Wno-pointer-sign -mtune=mips32 -mips32 -DLINUX30 -DLINUX_KERNEL_VERSION=199182  -ffunction-sections -fdata-sections -I/home/duong/AsusWRT-MT7621/release/src-ra-5010/router/zlib conftest.c >&5
configure:6072: $? = 0
configure:6076: mipsel-uclibc-nm conftest.o | sed -n -e 's/^.*[	 ]\([ABCDGIRSTW][ABCDGIRSTW]*\)[	 ][	 ]*\([_A-Za-z][_A-Za-z0-9]*\)$/\1 \2 \2/p' | sed '/ __gnu_lto/d' > conftest.nm
configure:6142: mipsel-uclibc-gcc -o conftest -Os -Wall -DLINUX26 -DDEBUG_NOISY -DDEBUG_RCTEST -pipe -funit-at-a-time -Wno-pointer-sign -mtune=mips32 -mips32 -DLINUX30 -DLINUX_KERNEL_VERSION=199182  -ffunction-sections -fdata-sections -I/home/duong/AsusWRT-MT7621/release/src-ra-5010/router/zlib -L/home/duong/AsusWRT-MT7621/release/src-ra-5010/router/zlib -fPIC -ffunction-sections -fdata-sections -Wl,--gc-sections conftest.c conftstm.o >&5
configure:6145: $? = 0
configure:6183: result: ok
configure:6230: checking for sysroot
configure:6260: result: no
configure:6267: checking for a working dd
configure:6305: result: /usr/bin/dd
configure:6309: checking how to truncate binary pipes
configure:6324: result: /usr/bin/dd bs=4096 count=1
configure:6613: checking for mipsel-linux-mt
configure:6643: result: no
configure:6653: checking for mt
configure:6669: found /usr/bin/mt
configure:6680: result: mt
configure:6692: WARNING: using cross tools not prefixed with host triplet
configure:6703: checking if mt is a manifest tool
configure:6709: mt '-?'
configure:6717: result: no
configure:7394: checking how to run the C preprocessor
configure:7425: mipsel-uclibc-gcc -E -I/home/duong/AsusWRT-MT7621/release/src-ra-5010/router/zlib conftest.c
configure:7425: $? = 0
configure:7439: mipsel-uclibc-gcc -E -I/home/duong/AsusWRT-MT7621/release/src-ra-5010/router/zlib conftest.c
conftest.c:11:28: error: ac_nonexistent.h: No such file or directory
configure:7439: $? = 1
configure: failed program was:
| /* confdefs.h */
| #define PACKAGE_NAME "ID3 Tag"
| #define PACKAGE_TARNAME "libid3tag"
| #define PACKAGE_VERSION "0.15.1b"
| #define PACKAGE_STRING "ID3 Tag 0.15.1b"
| #define PACKAGE_BUGREPORT "support@underbit.com"
| #define PACKAGE_URL ""
| #define PACKAGE "libid3tag"
| #define VERSION "0.15.1b"
| /* end confdefs.h.  */
| #include <ac_nonexistent.h>
configure:7464: result: mipsel-uclibc-gcc -E
configure:7484: mipsel-uclibc-gcc -E -I/home/duong/AsusWRT-MT7621/release/src-ra-5010/router/zlib conftest.c
configure:7484: $? = 0
configure:7498: mipsel-uclibc-gcc -E -I/home/duong/AsusWRT-MT7621/release/src-ra-5010/router/zlib conftest.c
conftest.c:11:28: error: ac_nonexistent.h: No such file or directory
configure:7498: $? = 1
configure: failed program was:
| /* confdefs.h */
| #define PACKAGE_NAME "ID3 Tag"
| #define PACKAGE_TARNAME "libid3tag"
| #define PACKAGE_VERSION "0.15.1b"
| #define PACKAGE_STRING "ID3 Tag 0.15.1b"
| #define PACKAGE_BUGREPORT "support@underbit.com"
| #define PACKAGE_URL ""
| #define PACKAGE "libid3tag"
| #define VERSION "0.15.1b"
| /* end confdefs.h.  */
| #include <ac_nonexistent.h>
configure:7527: checking for ANSI C header files
configure:7547: mipsel-uclibc-gcc -c -Os -Wall -DLINUX26 -DDEBUG_NOISY -DDEBUG_RCTEST -pipe -funit-at-a-time -Wno-pointer-sign -mtune=mips32 -mips32 -DLINUX30 -DLINUX_KERNEL_VERSION=199182  -ffunction-sections -fdata-sections -I/home/duong/AsusWRT-MT7621/release/src-ra-5010/router/zlib conftest.c >&5
configure:7547: $? = 0
configure:7631: result: yes
configure:7644: checking for sys/types.h
configure:7644: mipsel-uclibc-gcc -c -Os -Wall -DLINUX26 -DDEBUG_NOISY -DDEBUG_RCTEST -pipe -funit-at-a-time -Wno-pointer-sign -mtune=mips32 -mips32 -DLINUX30 -DLINUX_KERNEL_VERSION=199182  -ffunction-sections -fdata-sections -I/home/duong/AsusWRT-MT7621/release/src-ra-5010/router/zlib conftest.c >&5
configure:7644: $? = 0
configure:7644: result: yes
configure:7644: checking for sys/stat.h
configure:7644: mipsel-uclibc-gcc -c -Os -Wall -DLINUX26 -DDEBUG_NOISY -DDEBUG_RCTEST -pipe -funit-at-a-time -Wno-pointer-sign -mtune=mips32 -mips32 -DLINUX30 -DLINUX_KERNEL_VERSION=199182  -ffunction-sections -fdata-sections -I/home/duong/AsusWRT-MT7621/release/src-ra-5010/router/zlib conftest.c >&5
configure:7644: $? = 0
configure:7644: result: yes
configure:7644: checking for stdlib.h
configure:7644: mipsel-uclibc-gcc -c -Os -Wall -DLINUX26 -DDEBUG_NOISY -DDEBUG_RCTEST -pipe -funit-at-a-time -Wno-pointer-sign -mtune=mips32 -mips32 -DLINUX30 -DLINUX_KERNEL_VERSION=199182  -ffunction-sections -fdata-sections -I/home/duong/AsusWRT-MT7621/release/src-ra-5010/router/zlib conftest.c >&5
configure:7644: $? = 0
configure:7644: result: yes
configure:7644: checking for string.h
configure:7644: mipsel-uclibc-gcc -c -Os -Wall -DLINUX26 -DDEBUG_NOISY -DDEBUG_RCTEST -pipe -funit-at-a-time -Wno-pointer-sign -mtune=mips32 -mips32 -DLINUX30 -DLINUX_KERNEL_VERSION=199182  -ffunction-sections -fdata-sections -I/home/duong/AsusWRT-MT7621/release/src-ra-5010/router/zlib conftest.c >&5
configure:7644: $? = 0
configure:7644: result: yes
configure:7644: checking for memory.h
configure:7644: mipsel-uclibc-gcc -c -Os -Wall -DLINUX26 -DDEBUG_NOISY -DDEBUG_RCTEST -pipe -funit-at-a-time -Wno-pointer-sign -mtune=mips32 -mips32 -DLINUX30 -DLINUX_KERNEL_VERSION=199182  -ffunction-sections -fdata-sections -I/home/duong/AsusWRT-MT7621/release/src-ra-5010/router/zlib conftest.c >&5
configure:7644: $? = 0
configure:7644: result: yes
configure:7644: checking for strings.h
configure:7644: mipsel-uclibc-gcc -c -Os -Wall -DLINUX26 -DDEBUG_NOISY -DDEBUG_RCTEST -pipe -funit-at-a-time -Wno-pointer-sign -mtune=mips32 -mips32 -DLINUX30 -DLINUX_KERNEL_VERSION=199182  -ffunction-sections -fdata-sections -I/home/duong/AsusWRT-MT7621/release/src-ra-5010/router/zlib conftest.c >&5
configure:7644: $? = 0
configure:7644: result: yes
configure:7644: checking for inttypes.h
configure:7644: mipsel-uclibc-gcc -c -Os -Wall -DLINUX26 -DDEBUG_NOISY -DDEBUG_RCTEST -pipe -funit-at-a-time -Wno-pointer-sign -mtune=mips32 -mips32 -DLINUX30 -DLINUX_KERNEL_VERSION=199182  -ffunction-sections -fdata-sections -I/home/duong/AsusWRT-MT7621/release/src-ra-5010/router/zlib conftest.c >&5
configure:7644: $? = 0
configure:7644: result: yes
configure:7644: checking for stdint.h
configure:7644: mipsel-uclibc-gcc -c -Os -Wall -DLINUX26 -DDEBUG_NOISY -DDEBUG_RCTEST -pipe -funit-at-a-time -Wno-pointer-sign -mtune=mips32 -mips32 -DLINUX30 -DLINUX_KERNEL_VERSION=199182  -ffunction-sections -fdata-sections -I/home/duong/AsusWRT-MT7621/release/src-ra-5010/router/zlib conftest.c >&5
configure:7644: $? = 0
configure:7644: result: yes
configure:7644: checking for unistd.h
configure:7644: mipsel-uclibc-gcc -c -Os -Wall -DLINUX26 -DDEBUG_NOISY -DDEBUG_RCTEST -pipe -funit-at-a-time -Wno-pointer-sign -mtune=mips32 -mips32 -DLINUX30 -DLINUX_KERNEL_VERSION=199182  -ffunction-sections -fdata-sections -I/home/duong/AsusWRT-MT7621/release/src-ra-5010/router/zlib conftest.c >&5
configure:7644: $? = 0
configure:7644: result: yes
configure:7658: checking for dlfcn.h
configure:7658: mipsel-uclibc-gcc -c -Os -Wall -DLINUX26 -DDEBUG_NOISY -DDEBUG_RCTEST -pipe -funit-at-a-time -Wno-pointer-sign -mtune=mips32 -mips32 -DLINUX30 -DLINUX_KERNEL_VERSION=199182  -ffunction-sections -fdata-sections -I/home/duong/AsusWRT-MT7621/release/src-ra-5010/router/zlib conftest.c >&5
configure:7658: $? = 0
configure:7658: result: yes
configure:7914: checking for objdir
configure:7929: result: .libs
configure:8189: checking if mipsel-uclibc-gcc supports -fno-rtti -fno-exceptions
configure:8207: mipsel-uclibc-gcc -c -Os -Wall -DLINUX26 -DDEBUG_NOISY -DDEBUG_RCTEST -pipe -funit-at-a-time -Wno-pointer-sign -mtune=mips32 -mips32 -DLINUX30 -DLINUX_KERNEL_VERSION=199182  -ffunction-sections -fdata-sections -I/home/duong/AsusWRT-MT7621/release/src-ra-5010/router/zlib -fno-rtti -fno-exceptions conftest.c >&5
cc1: warning: command line option "-fno-rtti" is valid for C++/ObjC++ but not for C
configure:8211: $? = 0
configure:8224: result: no
configure:8588: checking for mipsel-uclibc-gcc option to produce PIC
configure:8595: result: -fPIC -DPIC
configure:8603: checking if mipsel-uclibc-gcc PIC flag -fPIC -DPIC works
configure:8621: mipsel-uclibc-gcc -c -Os -Wall -DLINUX26 -DDEBUG_NOISY -DDEBUG_RCTEST -pipe -funit-at-a-time -Wno-pointer-sign -mtune=mips32 -mips32 -DLINUX30 -DLINUX_KERNEL_VERSION=199182  -ffunction-sections -fdata-sections -I/home/duong/AsusWRT-MT7621/release/src-ra-5010/router/zlib -fPIC -DPIC -DPIC conftest.c >&5
configure:8625: $? = 0
configure:8638: result: yes
configure:8667: checking if mipsel-uclibc-gcc static flag -static works
configure:8695: result: yes
configure:8710: checking if mipsel-uclibc-gcc supports -c -o file.o
configure:8731: mipsel-uclibc-gcc -c -Os -Wall -DLINUX26 -DDEBUG_NOISY -DDEBUG_RCTEST -pipe -funit-at-a-time -Wno-pointer-sign -mtune=mips32 -mips32 -DLINUX30 -DLINUX_KERNEL_VERSION=199182  -ffunction-sections -fdata-sections -I/home/duong/AsusWRT-MT7621/release/src-ra-5010/router/zlib -o out/conftest2.o conftest.c >&5
configure:8735: $? = 0
configure:8757: result: yes
configure:8765: checking if mipsel-uclibc-gcc supports -c -o file.o
configure:8812: result: yes
configure:8845: checking whether the mipsel-uclibc-gcc linker (mipsel-uclibc-ld) supports shared libraries
configure:10108: result: yes
configure:10145: checking whether -lc should be explicitly linked in
configure:10153: mipsel-uclibc-gcc -c -Os -Wall -DLINUX26 -DDEBUG_NOISY -DDEBUG_RCTEST -pipe -funit-at-a-time -Wno-pointer-sign -mtune=mips32 -mips32 -DLINUX30 -DLINUX_KERNEL_VERSION=199182  -ffunction-sections -fdata-sections -I/home/duong/AsusWRT-MT7621/release/src-ra-5010/router/zlib conftest.c >&5
configure:10156: $? = 0
configure:10171: mipsel-uclibc-gcc -shared  -fPIC -DPIC conftest.o  -v -Wl,-soname -Wl,conftest -o conftest 2\>\&1 \| /usr/bin/grep  -lc  \>/dev/null 2\>\&1
configure:10174: $? = 0
configure:10188: result: no
configure:10348: checking dynamic linker characteristics
configure:10929: mipsel-uclibc-gcc -o conftest -Os -Wall -DLINUX26 -DDEBUG_NOISY -DDEBUG_RCTEST -pipe -funit-at-a-time -Wno-pointer-sign -mtune=mips32 -mips32 -DLINUX30 -DLINUX_KERNEL_VERSION=199182  -ffunction-sections -fdata-sections -I/home/duong/AsusWRT-MT7621/release/src-ra-5010/router/zlib -L/home/duong/AsusWRT-MT7621/release/src-ra-5010/router/zlib -fPIC -ffunction-sections -fdata-sections -Wl,--gc-sections -Wl,-rpath -Wl,/foo conftest.c  >&5
configure:10929: $? = 0
configure:11178: result: GNU/Linux ld.so
configure:11300: checking how to hardcode library paths into programs
configure:11325: result: immediate
configure:11873: checking whether stripping libraries is possible
configure:11878: result: yes
configure:11913: checking if libtool supports shared libraries
configure:11915: result: yes
configure:11918: checking whether to build shared libraries
configure:11943: result: yes
configure:11946: checking whether to build static libraries
configure:11950: result: yes
configure:12042: checking for ANSI C header files
configure:12146: result: yes
configure:12157: checking assert.h usability
configure:12157: mipsel-uclibc-gcc -c -Wall -DLINUX26 -DDEBUG_NOISY -DDEBUG_RCTEST -pipe -Wno-pointer-sign -DLINUX30 -DLINUX_KERNEL_VERSION=199182 -I/home/duong/AsusWRT-MT7621/release/src-ra-5010/router/zlib conftest.c >&5
configure:12157: $? = 0
configure:12157: result: yes
configure:12157: checking assert.h presence
configure:12157: mipsel-uclibc-gcc -E -I/home/duong/AsusWRT-MT7621/release/src-ra-5010/router/zlib conftest.c
configure:12157: $? = 0
configure:12157: result: yes
configure:12157: checking for assert.h
configure:12157: result: yes
configure:12157: checking for unistd.h
configure:12157: result: yes
configure:12168: checking zlib.h usability
configure:12168: mipsel-uclibc-gcc -c -Wall -DLINUX26 -DDEBUG_NOISY -DDEBUG_RCTEST -pipe -Wno-pointer-sign -DLINUX30 -DLINUX_KERNEL_VERSION=199182 -I/home/duong/AsusWRT-MT7621/release/src-ra-5010/router/zlib conftest.c >&5
configure:12168: $? = 0
configure:12168: result: yes
configure:12168: checking zlib.h presence
configure:12168: mipsel-uclibc-gcc -E -I/home/duong/AsusWRT-MT7621/release/src-ra-5010/router/zlib conftest.c
configure:12168: $? = 0
configure:12168: result: yes
configure:12168: checking for zlib.h
configure:12168: result: yes
configure:12183: checking for an ANSI C-conforming const
configure:12249: mipsel-uclibc-gcc -c -Wall -DLINUX26 -DDEBUG_NOISY -DDEBUG_RCTEST -pipe -Wno-pointer-sign -DLINUX30 -DLINUX_KERNEL_VERSION=199182 -I/home/duong/AsusWRT-MT7621/release/src-ra-5010/router/zlib conftest.c >&5
configure:12249: $? = 0
configure:12256: result: yes
configure:12264: checking for inline
configure:12280: mipsel-uclibc-gcc -c -Wall -DLINUX26 -DDEBUG_NOISY -DDEBUG_RCTEST -pipe -Wno-pointer-sign -DLINUX30 -DLINUX_KERNEL_VERSION=199182 -I/home/duong/AsusWRT-MT7621/release/src-ra-5010/router/zlib conftest.c >&5
configure:12280: $? = 0
configure:12288: result: inline
configure:12310: checking for ftruncate
configure:12310: mipsel-uclibc-gcc -o conftest -Wall -DLINUX26 -DDEBUG_NOISY -DDEBUG_RCTEST -pipe -Wno-pointer-sign -DLINUX30 -DLINUX_KERNEL_VERSION=199182 -I/home/duong/AsusWRT-MT7621/release/src-ra-5010/router/zlib -L/home/duong/AsusWRT-MT7621/release/src-ra-5010/router/zlib -fPIC -ffunction-sections -fdata-sections -Wl,--gc-sections conftest.c  >&5
configure:12310: $? = 0
configure:12310: result: yes
configure:12320: checking for compress2 in -lz
configure:12345: mipsel-uclibc-gcc -o conftest -Wall -DLINUX26 -DDEBUG_NOISY -DDEBUG_RCTEST -pipe -Wno-pointer-sign -DLINUX30 -DLINUX_KERNEL_VERSION=199182 -I/home/duong/AsusWRT-MT7621/release/src-ra-5010/router/zlib -L/home/duong/AsusWRT-MT7621/release/src-ra-5010/router/zlib -fPIC -ffunction-sections -fdata-sections -Wl,--gc-sections conftest.c -lz   >&5
configure:12345: $? = 0
configure:12354: result: yes
configure:12452: checking whether to enable profiling
configure:12463: result: no
configure:12466: checking whether to enable debugging
configure:12497: result: no
configure:12617: checking that generated files are newer than configure
configure:12623: result: done
configure:12650: creating ./config.status

## ---------------------- ##
## Running config.status. ##
## ---------------------- ##

This file was extended by ID3 Tag config.status 0.15.1b, which was
generated by GNU Autoconf 2.69.  Invocation command line was

  CONFIG_FILES    = 
  CONFIG_HEADERS  = 
  CONFIG_LINKS    = 
  CONFIG_COMMANDS = 
  $ ./config.status 

on duong-OptiPlex-790

config.status:1096: creating Makefile
config.status:1096: creating msvc++/Makefile
config.status:1096: creating libid3tag.list
config.status:1096: creating config.h
config.status:1277: config.h is unchanged
config.status:1325: executing depfiles commands
config.status:1325: executing libtool commands

## ---------------- ##
## Cache variables. ##
## ---------------- ##

ac_cv_build=x86_64-pc-linux-uclibc
ac_cv_c_compiler_gnu=yes
ac_cv_c_const=yes
ac_cv_c_inline=inline
ac_cv_env_CC_set=set
ac_cv_env_CC_value=mipsel-uclibc-gcc
ac_cv_env_CFLAGS_set=set
ac_cv_env_CFLAGS_value='-Os -Wall -DLINUX26 -DDEBUG_NOISY -DDEBUG_RCTEST -pipe -funit-at-a-time -Wno-pointer-sign -mtune=mips32 -mips32 -DLINUX30 -DLINUX_KERNEL_VERSION=199182  -ffunction-sections -fdata-sections'
ac_cv_env_CPPFLAGS_set=set
ac_cv_env_CPPFLAGS_value=-I/home/duong/AsusWRT-MT7621/release/src-ra-5010/router/zlib
ac_cv_env_CPP_set=
ac_cv_env_CPP_value=
ac_cv_env_LDFLAGS_set=set
ac_cv_env_LDFLAGS_value='-L/home/duong/AsusWRT-MT7621/release/src-ra-5010/router/zlib -fPIC -ffunction-sections -fdata-sections -Wl,--gc-sections'
ac_cv_env_LIBS_set=
ac_cv_env_LIBS_value=
ac_cv_env_LT_SYS_LIBRARY_PATH_set=
ac_cv_env_LT_SYS_LIBRARY_PATH_value=
ac_cv_env_build_alias_set=set
ac_cv_env_build_alias_value=
ac_cv_env_host_alias_set=set
ac_cv_env_host_alias_value=mipsel-linux
ac_cv_env_target_alias_set=
ac_cv_env_target_alias_value=
ac_cv_func_ftruncate=yes
ac_cv_header_assert_h=yes
ac_cv_header_dlfcn_h=yes
ac_cv_header_inttypes_h=yes
ac_cv_header_memory_h=yes
ac_cv_header_stdc=yes
ac_cv_header_stdint_h=yes
ac_cv_header_stdlib_h=yes
ac_cv_header_string_h=yes
ac_cv_header_strings_h=yes
ac_cv_header_sys_stat_h=yes
ac_cv_header_sys_types_h=yes
ac_cv_header_unistd_h=yes
ac_cv_header_zlib_h=yes
ac_cv_host=mipsel-unknown-linux-gnu
ac_cv_lib_z_compress2=yes
ac_cv_objext=o
ac_cv_path_EGREP='/usr/bin/grep -E'
ac_cv_path_FGREP='/usr/bin/grep -F'
ac_cv_path_GREP=/usr/bin/grep
ac_cv_path_SED=/usr/bin/sed
ac_cv_path_install='/usr/bin/install -c'
ac_cv_path_lt_DD=/usr/bin/dd
ac_cv_path_mkdir=/usr/bin/mkdir
ac_cv_prog_AR=mipsel-uclibc-ar
ac_cv_prog_AWK=gawk
ac_cv_prog_CC=mipsel-uclibc-gcc
ac_cv_prog_CPP='mipsel-uclibc-gcc -E'
ac_cv_prog_OBJDUMP=mipsel-uclibc-objdump
ac_cv_prog_RANLIB=mipsel-uclibc-ranlib
ac_cv_prog_STRIP='mipsel-uclibc-strip -R .note -R .comment'
ac_cv_prog_ac_ct_MANIFEST_TOOL=mt
ac_cv_prog_cc_c89=
ac_cv_prog_cc_g=yes
ac_cv_prog_make_make_set=yes
am_cv_CC_dependencies_compiler_type=none
am_cv_make_support_nested_variables=yes
am_cv_prog_cc_c_o=yes
lt_cv_ar_at_file=@
lt_cv_archive_cmds_need_lc=no
lt_cv_deplibs_check_method=pass_all
lt_cv_file_magic_cmd='$MAGIC_CMD'
lt_cv_file_magic_test_file=
lt_cv_ld_reload_flag=-r
lt_cv_nm_interface='BSD nm'
lt_cv_objdir=.libs
lt_cv_path_LD=mipsel-uclibc-ld
lt_cv_path_NM=mipsel-uclibc-nm
lt_cv_path_mainfest_tool=no
lt_cv_prog_compiler_c_o=yes
lt_cv_prog_compiler_pic='-fPIC -DPIC'
lt_cv_prog_compiler_pic_works=yes
lt_cv_prog_compiler_rtti_exceptions=no
lt_cv_prog_compiler_static_works=yes
lt_cv_prog_gnu_ld=yes
lt_cv_sharedlib_from_linklib_cmd='printf %s\n'
lt_cv_shlibpath_overrides_runpath=no
lt_cv_sys_global_symbol_pipe='sed -n -e '\''s/^.*[	 ]\([ABCDGIRSTW][ABCDGIRSTW]*\)[	 ][	 ]*\([_A-Za-z][_A-Za-z0-9]*\)$/\1 \2 \2/p'\'' | sed '\''/ __gnu_lto/d'\'''
lt_cv_sys_global_symbol_to_c_name_address='sed -n -e '\''s/^: \(.*\) .*$/  {"\1", (void *) 0},/p'\'' -e '\''s/^[ABCDGIRSTW][ABCDGIRSTW]* .* \(.*\)$/  {"\1", (void *) \&\1},/p'\'''
lt_cv_sys_global_symbol_to_c_name_address_lib_prefix='sed -n -e '\''s/^: \(.*\) .*$/  {"\1", (void *) 0},/p'\'' -e '\''s/^[ABCDGIRSTW][ABCDGIRSTW]* .* \(lib.*\)$/  {"\1", (void *) \&\1},/p'\'' -e '\''s/^[ABCDGIRSTW][ABCDGIRSTW]* .* \(.*\)$/  {"lib\1", (void *) \&\1},/p'\'''
lt_cv_sys_global_symbol_to_cdecl='sed -n -e '\''s/^T .* \(.*\)$/extern int \1();/p'\'' -e '\''s/^[ABCDGIRSTW][ABCDGIRSTW]* .* \(.*\)$/extern char \1;/p'\'''
lt_cv_sys_global_symbol_to_import=
lt_cv_sys_max_cmd_len=1572864
lt_cv_to_host_file_cmd=func_convert_file_noop
lt_cv_to_tool_file_cmd=func_convert_file_noop
lt_cv_truncate_bin='/usr/bin/dd bs=4096 count=1'

## ----------------- ##
## Output variables. ##
## ----------------- ##

ACLOCAL='${SHELL} '\''/home/duong/AsusWRT-MT7621/release/src/router/libid3tag/missing'\'' aclocal-1.16'
AMDEPBACKSLASH=''
AMDEP_FALSE=''
AMDEP_TRUE='#'
AMTAR='$${TAR-tar}'
AM_BACKSLASH='\'
AM_DEFAULT_V='$(AM_DEFAULT_VERBOSITY)'
AM_DEFAULT_VERBOSITY='1'
AM_V='$(V)'
AR='mipsel-uclibc-ar'
AUTOCONF='${SHELL} '\''/home/duong/AsusWRT-MT7621/release/src/router/libid3tag/missing'\'' autoconf'
AUTOHEADER='${SHELL} '\''/home/duong/AsusWRT-MT7621/release/src/router/libid3tag/missing'\'' autoheader'
AUTOMAKE='${SHELL} '\''/home/duong/AsusWRT-MT7621/release/src/router/libid3tag/missing'\'' automake-1.16'
AWK='gawk'
CC='mipsel-uclibc-gcc'
CCDEPMODE='depmode=none'
CFLAGS='-Wall -DLINUX26 -DDEBUG_NOISY -DDEBUG_RCTEST -pipe -Wno-pointer-sign -DLINUX30 -DLINUX_KERNEL_VERSION=199182  -mtune=mips32 -mips32 -fdata-sections -fomit-frame-pointer'
CPP='mipsel-uclibc-gcc -E'
CPPFLAGS='-I/home/duong/AsusWRT-MT7621/release/src-ra-5010/router/zlib'
CYGPATH_W='echo'
DEBUG_FALSE=''
DEBUG_TRUE='#'
DEFS='-DHAVE_CONFIG_H'
DEPDIR='.deps'
DLLTOOL='false'
DSYMUTIL=''
DUMPBIN=''
ECHO_C=''
ECHO_N='-n'
ECHO_T=''
EGREP='/usr/bin/grep -E'
EXEEXT=''
FGREP='/usr/bin/grep -F'
GREP='/usr/bin/grep'
INSTALL_DATA='${INSTALL} -m 644'
INSTALL_PROGRAM='${INSTALL}'
INSTALL_SCRIPT='${INSTALL}'
INSTALL_STRIP_PROGRAM='$(install_sh) -c -s'
LD='mipsel-uclibc-ld'
LDFLAGS='-L/home/duong/AsusWRT-MT7621/release/src-ra-5010/router/zlib -fPIC -ffunction-sections -fdata-sections -Wl,--gc-sections'
LIBOBJS=''
LIBS='-lz '
LIBTOOL='$(SHELL) $(top_builddir)/libtool'
LIBTOOL_DEPS='./ltmain.sh'
LIPO=''
LN_S='ln -s'
LTLIBOBJS=''
LT_SYS_LIBRARY_PATH=''
MAKEINFO='${SHELL} '\''/home/duong/AsusWRT-MT7621/release/src/router/libid3tag/missing'\'' makeinfo'
MANIFEST_TOOL=':'
MKDIR_P='/usr/bin/mkdir -p'
NM='mipsel-uclibc-nm'
NMEDIT=''
OBJDUMP='mipsel-uclibc-objdump'
OBJEXT='o'
OTOOL64=''
OTOOL=''
PACKAGE='libid3tag'
PACKAGE_BUGREPORT='support@underbit.com'
PACKAGE_NAME='ID3 Tag'
PACKAGE_STRING='ID3 Tag 0.15.1b'
PACKAGE_TARNAME='libid3tag'
PACKAGE_URL=''
PACKAGE_VERSION='0.15.1b'
PATH_SEPARATOR=':'
RANLIB='mipsel-uclibc-ranlib'
SED='/usr/bin/sed'
SET_MAKE=''
SHELL='/bin/bash'
STRIP='mipsel-uclibc-strip -R .note -R .comment'
VERSION='0.15.1b'
ac_ct_AR=''
ac_ct_CC=''
ac_ct_DUMPBIN=''
am__EXEEXT_FALSE=''
am__EXEEXT_TRUE='#'
am__fastdepCC_FALSE=''
am__fastdepCC_TRUE='#'
am__include='include'
am__isrc=''
am__leading_dot='.'
am__nodep=''
am__quote=''
am__tar='$${TAR-tar} chof - "$$tardir"'
am__untar='$${TAR-tar} xf -'
bindir='${exec_prefix}/bin'
build='x86_64-pc-linux-uclibc'
build_alias=''
build_cpu='x86_64'
build_os='linux-uclibc'
build_vendor='pc'
datadir='${datarootdir}'
datarootdir='${prefix}/share'
docdir='${datarootdir}/doc/${PACKAGE_TARNAME}'
dvidir='${docdir}'
exec_prefix='${prefix}'
host='mipsel-unknown-linux-gnu'
host_alias='mipsel-linux'
host_cpu='mipsel'
host_os='linux-gnu'
host_vendor='unknown'
htmldir='${docdir}'
includedir='${prefix}/include'
infodir='${datarootdir}/info'
install_sh='${SHELL} /home/duong/AsusWRT-MT7621/release/src/router/libid3tag/install-sh'
libdir='${exec_prefix}/lib'
libexecdir='${exec_prefix}/libexec'
localedir='${datarootdir}/locale'
localstatedir='${prefix}/var'
mandir='${datarootdir}/man'
mkdir_p='$(MKDIR_P)'
oldincludedir='/usr/include'
pdfdir='${docdir}'
prefix=''
program_transform_name='s,x,x,'
psdir='${docdir}'
runstatedir='${localstatedir}/run'
sbindir='${exec_prefix}/sbin'
sharedstatedir='${prefix}/com'
sysconfdir='${prefix}/etc'
target_alias=''

## ----------- ##
## confdefs.h. ##
## ----------- ##

/* confdefs.h */
#define PACKAGE_NAME "ID3 Tag"
#define PACKAGE_TARNAME "libid3tag"
#define PACKAGE_VERSION "0.15.1b"
#define PACKAGE_STRING "ID3 Tag 0.15.1b"
#define PACKAGE_BUGREPORT "support@underbit.com"
#define PACKAGE_URL ""
#define PACKAGE "libid3tag"
#define VERSION "0.15.1b"
#define STDC_HEADERS 1
#define HAVE_SYS_TYPES_H 1
#define HAVE_SYS_STAT_H 1
#define HAVE_STDLIB_H 1
#define HAVE_STRING_H 1
#define HAVE_MEMORY_H 1
#define HAVE_STRINGS_H 1
#define HAVE_INTTYPES_H 1
#define HAVE_STDINT_H 1
#define HAVE_UNISTD_H 1
#define HAVE_DLFCN_H 1
#define LT_OBJDIR ".libs/"
#define STDC_HEADERS 1
#define HAVE_ASSERT_H 1
#define HAVE_UNISTD_H 1
#define HAVE_FTRUNCATE 1
#define HAVE_LIBZ 1
#define NDEBUG 1

configure: exit 0
